0 info it worked if it ends with ok
1 verbose cli [ '/Users/edwardezekiel/.nvm/versions/node/v6.11.2/bin/node',
1 verbose cli   '/Users/edwardezekiel/.nvm/versions/node/v6.11.2/bin/npm',
1 verbose cli   'test' ]
2 info using npm@3.10.10
3 info using node@v6.11.2
4 verbose stack Error: ENOENT: no such file or directory, open '/Users/edwardezekiel/software-engineering/learn.co/html-album-cover-prework/package.json'
4 verbose stack     at Error (native)
5 verbose cwd /Users/edwardezekiel/software-engineering/learn.co/html-album-cover-prework
6 error Darwin 18.0.0
7 error argv "/Users/edwardezekiel/.nvm/versions/node/v6.11.2/bin/node" "/Users/edwardezekiel/.nvm/versions/node/v6.11.2/bin/npm" "test"
8 error node v6.11.2
9 error npm  v3.10.10
10 error path /Users/edwardezekiel/software-engineering/learn.co/html-album-cover-prework/package.json
11 error code ENOENT
12 error errno -2
13 error syscall open
14 error enoent ENOENT: no such file or directory, open '/Users/edwardezekiel/software-engineering/learn.co/html-album-cover-prework/package.json'
15 error enoent ENOENT: no such file or directory, open '/Users/edwardezekiel/software-engineering/learn.co/html-album-cover-prework/package.json'
15 error enoent This is most likely not a problem with npm itself
15 error enoent and is related to npm not being able to find a file.
16 verbose exit [ -2, true ]
